<?xml version="1.0" encoding="UTF-8"?>
<!-- Generated by org.testng.reporters.JUnitXMLReporter -->
<testsuite ignored="0" hostname="Kiran" failures="0" tests="6" name="Chrome" time="0.076" errors="0" timestamp="2022-09-07T21:24:51 IST">
  <testcase classname="testPackage.TestNg2" name="testB" time="0.006"/>
  <testcase classname="testPackage.TestNg1" name="testA" time="0.007"/>
  <testcase classname="testPackage.TestNg2" name="testA" time="0.001"/>
  <testcase classname="testPackage.TestNg1" name="testB" time="0.001"/>
  <testcase classname="testPackage.TestNg2" name="testC" time="0.001"/>
  <testcase classname="testPackage.TestNg1" name="testC" time="0.002"/>
</testsuite> <!-- Chrome -->
