<?xml version="1.0" encoding="UTF-8"?>
<!-- Generated by org.testng.reporters.JUnitXMLReporter -->
<testsuite ignored="0" hostname="Kiran" failures="0" tests="6" name="Firefox" time="0.027" errors="0" timestamp="2022-09-07T21:24:51 IST">
  <testcase classname="testPackage.TestNg4" name="testB" time="0.001"/>
  <testcase classname="testPackage.TestNg3" name="testA" time="0.001"/>
  <testcase classname="testPackage.TestNg3" name="testB" time="0.001"/>
  <testcase classname="testPackage.TestNg3" name="testC" time="0.0"/>
  <testcase classname="testPackage.TestNg4" name="testC" time="0.001"/>
  <testcase classname="testPackage.TestNg4" name="testA" time="0.001"/>
</testsuite> <!-- Firefox -->
