<?xml version="1.0" encoding="UTF-8"?>
<!-- Generated by org.testng.reporters.JUnitXMLReporter -->
<testsuite ignored="0" hostname="Kiran" failures="0" tests="4" name="Test" time="18.669" errors="0" timestamp="2022-09-29T21:35:06 IST">
  <testcase classname="testPackage.TestNg2" name="testB" time="1.202"/>
  <testcase classname="testPackage.TestNg1" name="VerifyLoginPage" time="0.831"/>
  <testcase classname="testPackage.TestNg2" name="testC" time="5.731"/>
  <testcase classname="testPackage.TestNg1" name="VerifyHomePage" time="5.967"/>
</testsuite> <!-- Test -->
