<?xml version="1.0" encoding="UTF-8"?>
<testng-results ignored="0" total="6" passed="6" failed="0" skipped="0">
  <reporter-output>
  </reporter-output>
  <suite started-at="2022-10-07T17:56:32 IST" name="Suite" finished-at="2022-10-07T17:56:32 IST" duration-ms="110">
    <groups>
    </groups>
    <test started-at="2022-10-07T17:56:32 IST" name="Test" finished-at="2022-10-07T17:56:32 IST" duration-ms="110">
      <class name="testPackage.TestNg4">
        <test-method is-config="true" signature="beforeclassD()[pri:0, instance:testPackage.TestNg4@37afeb11]" started-at="2022-10-07T17:56:32 IST" name="beforeclassD" finished-at="2022-10-07T17:56:32 IST" duration-ms="1" status="PASS">
          <reporter-output>
          </reporter-output>
        </test-method> <!-- beforeclassD -->
        <test-method is-config="true" signature="beforemethodD()[pri:0, instance:testPackage.TestNg4@37afeb11]" started-at="2022-10-07T17:56:32 IST" name="beforemethodD" finished-at="2022-10-07T17:56:32 IST" duration-ms="1" status="PASS">
          <reporter-output>
          </reporter-output>
        </test-method> <!-- beforemethodD -->
        <test-method signature="testB()[pri:-1, instance:testPackage.TestNg4@37afeb11]" started-at="2022-10-07T17:56:32 IST" name="testB" finished-at="2022-10-07T17:56:32 IST" duration-ms="1" status="PASS">
          <reporter-output>
          </reporter-output>
        </test-method> <!-- testB -->
        <test-method is-config="true" signature="aftermethodD()[pri:0, instance:testPackage.TestNg4@37afeb11]" started-at="2022-10-07T17:56:32 IST" name="aftermethodD" finished-at="2022-10-07T17:56:32 IST" duration-ms="0" status="PASS">
          <reporter-output>
          </reporter-output>
        </test-method> <!-- aftermethodD -->
        <test-method is-config="true" signature="beforemethodD()[pri:0, instance:testPackage.TestNg4@37afeb11]" started-at="2022-10-07T17:56:32 IST" name="beforemethodD" finished-at="2022-10-07T17:56:32 IST" duration-ms="1" status="PASS">
          <reporter-output>
          </reporter-output>
        </test-method> <!-- beforemethodD -->
        <test-method signature="testC()[pri:0, instance:testPackage.TestNg4@37afeb11]" started-at="2022-10-07T17:56:32 IST" name="testC" finished-at="2022-10-07T17:56:32 IST" duration-ms="1" status="PASS">
          <reporter-output>
          </reporter-output>
        </test-method> <!-- testC -->
        <test-method is-config="true" signature="aftermethodD()[pri:0, instance:testPackage.TestNg4@37afeb11]" started-at="2022-10-07T17:56:32 IST" name="aftermethodD" finished-at="2022-10-07T17:56:32 IST" duration-ms="1" status="PASS">
          <reporter-output>
          </reporter-output>
        </test-method> <!-- aftermethodD -->
        <test-method is-config="true" signature="beforemethodD()[pri:0, instance:testPackage.TestNg4@37afeb11]" started-at="2022-10-07T17:56:32 IST" name="beforemethodD" finished-at="2022-10-07T17:56:32 IST" duration-ms="0" status="PASS">
          <reporter-output>
          </reporter-output>
        </test-method> <!-- beforemethodD -->
        <test-method signature="testA()[pri:1, instance:testPackage.TestNg4@37afeb11]" started-at="2022-10-07T17:56:32 IST" name="testA" finished-at="2022-10-07T17:56:32 IST" duration-ms="2" status="PASS">
          <reporter-output>
          </reporter-output>
        </test-method> <!-- testA -->
        <test-method is-config="true" signature="aftermethodD()[pri:0, instance:testPackage.TestNg4@37afeb11]" started-at="2022-10-07T17:56:32 IST" name="aftermethodD" finished-at="2022-10-07T17:56:32 IST" duration-ms="1" status="PASS">
          <reporter-output>
          </reporter-output>
        </test-method> <!-- aftermethodD -->
        <test-method is-config="true" signature="afterclassD()[pri:0, instance:testPackage.TestNg4@37afeb11]" started-at="2022-10-07T17:56:32 IST" name="afterclassD" finished-at="2022-10-07T17:56:32 IST" duration-ms="0" status="PASS">
          <reporter-output>
          </reporter-output>
        </test-method> <!-- afterclassD -->
      </class> <!-- testPackage.TestNg4 -->
      <class name="testPackage.TestNg3">
        <test-method is-config="true" signature="beforeclassC()[pri:0, instance:testPackage.TestNg3@59309333]" started-at="2022-10-07T17:56:32 IST" name="beforeclassC" finished-at="2022-10-07T17:56:32 IST" duration-ms="7" status="PASS">
          <reporter-output>
          </reporter-output>
        </test-method> <!-- beforeclassC -->
        <test-method is-config="true" signature="beforemethodC()[pri:0, instance:testPackage.TestNg3@59309333]" started-at="2022-10-07T17:56:32 IST" name="beforemethodC" finished-at="2022-10-07T17:56:32 IST" duration-ms="0" status="PASS">
          <reporter-output>
          </reporter-output>
        </test-method> <!-- beforemethodC -->
        <test-method signature="testA()[pri:0, instance:testPackage.TestNg3@59309333]" started-at="2022-10-07T17:56:32 IST" name="testA" finished-at="2022-10-07T17:56:32 IST" duration-ms="7" status="PASS">
          <reporter-output>
          </reporter-output>
        </test-method> <!-- testA -->
        <test-method is-config="true" signature="aftermethodC()[pri:0, instance:testPackage.TestNg3@59309333]" started-at="2022-10-07T17:56:32 IST" name="aftermethodC" finished-at="2022-10-07T17:56:32 IST" duration-ms="0" status="PASS">
          <reporter-output>
          </reporter-output>
        </test-method> <!-- aftermethodC -->
        <test-method is-config="true" signature="beforemethodC()[pri:0, instance:testPackage.TestNg3@59309333]" started-at="2022-10-07T17:56:32 IST" name="beforemethodC" finished-at="2022-10-07T17:56:32 IST" duration-ms="1" status="PASS">
          <reporter-output>
          </reporter-output>
        </test-method> <!-- beforemethodC -->
        <test-method signature="testB()[pri:0, instance:testPackage.TestNg3@59309333]" started-at="2022-10-07T17:56:32 IST" name="testB" finished-at="2022-10-07T17:56:32 IST" duration-ms="1" status="PASS">
          <reporter-output>
          </reporter-output>
        </test-method> <!-- testB -->
        <test-method is-config="true" signature="aftermethodC()[pri:0, instance:testPackage.TestNg3@59309333]" started-at="2022-10-07T17:56:32 IST" name="aftermethodC" finished-at="2022-10-07T17:56:32 IST" duration-ms="1" status="PASS">
          <reporter-output>
          </reporter-output>
        </test-method> <!-- aftermethodC -->
        <test-method signature="testC()[pri:0, instance:testPackage.TestNg3@59309333]" started-at="2022-10-07T17:56:32 IST" name="testC" finished-at="2022-10-07T17:56:32 IST" depends-on-methods="testPackage.TestNg3.testB, testPackage.TestNg3.testA" duration-ms="1" status="PASS">
          <reporter-output>
          </reporter-output>
        </test-method> <!-- testC -->
        <test-method is-config="true" signature="beforemethodC()[pri:0, instance:testPackage.TestNg3@59309333]" started-at="2022-10-07T17:56:32 IST" name="beforemethodC" finished-at="2022-10-07T17:56:32 IST" duration-ms="0" status="PASS">
          <reporter-output>
          </reporter-output>
        </test-method> <!-- beforemethodC -->
        <test-method is-config="true" signature="aftermethodC()[pri:0, instance:testPackage.TestNg3@59309333]" started-at="2022-10-07T17:56:32 IST" name="aftermethodC" finished-at="2022-10-07T17:56:32 IST" duration-ms="1" status="PASS">
          <reporter-output>
          </reporter-output>
        </test-method> <!-- aftermethodC -->
        <test-method is-config="true" signature="afterclassC()[pri:0, instance:testPackage.TestNg3@59309333]" started-at="2022-10-07T17:56:32 IST" name="afterclassC" finished-at="2022-10-07T17:56:32 IST" duration-ms="1" status="PASS">
          <reporter-output>
          </reporter-output>
        </test-method> <!-- afterclassC -->
      </class> <!-- testPackage.TestNg3 -->
    </test> <!-- Test -->
  </suite> <!-- Suite -->
</testng-results>
